abr. 05, 2025 9:51:16 AM liquibase.changelog
INFORMAÇÕES: Reading resource: db/changelog/migrations/db.changelog-202408191938.sql
abr. 05, 2025 9:51:16 AM liquibase.changelog
INFORMAÇÕES: Reading resource: db/changelog/migrations/db.changelog-202408210954.sql
abr. 05, 2025 9:51:16 AM liquibase.changelog
INFORMAÇÕES: Reading resource: db/changelog/migrations/db.changelog-202408211004.sql
abr. 05, 2025 9:51:16 AM liquibase.changelog
INFORMAÇÕES: Reading resource: db/changelog/migrations/db.changelog-202408211005.sql
abr. 05, 2025 9:51:16 AM liquibase.changelog
INFORMAÇÕES: Reading resource: db/changelog/migrations/db.changelog-202408281807.sql
abr. 05, 2025 9:51:16 AM liquibase.changelog
INFORMAÇÕES: Creating database history table with name: board.DATABASECHANGELOG
abr. 05, 2025 9:51:16 AM liquibase.changelog
INFORMAÇÕES: Reading from board.DATABASECHANGELOG
abr. 05, 2025 9:51:17 AM liquibase.lockservice
INFORMAÇÕES: Successfully acquired change log lock
abr. 05, 2025 9:51:17 AM liquibase.command
INFORMAÇÕES: Using deploymentId: 3857477031
abr. 05, 2025 9:51:17 AM liquibase.changelog
INFORMAÇÕES: Reading from board.DATABASECHANGELOG
Running Changeset: db/changelog/migrations/db.changelog-202408191938.sql::202408191938::junior
abr. 05, 2025 9:51:17 AM liquibase.changelog
INFORMAÇÕES: Custom SQL executed
abr. 05, 2025 9:51:17 AM liquibase.changelog
INFORMAÇÕES: ChangeSet db/changelog/migrations/db.changelog-202408191938.sql::202408191938::junior ran successfully in 48ms
Running Changeset: db/changelog/migrations/db.changelog-202408210954.sql::202408191938::junior
abr. 05, 2025 9:51:17 AM liquibase.changelog
INFORMAÇÕES: Custom SQL executed
abr. 05, 2025 9:51:17 AM liquibase.changelog
INFORMAÇÕES: ChangeSet db/changelog/migrations/db.changelog-202408210954.sql::202408191938::junior ran successfully in 54ms
Running Changeset: db/changelog/migrations/db.changelog-202408211004.sql::202408191938::junior
abr. 05, 2025 9:51:17 AM liquibase.changelog
INFORMAÇÕES: Custom SQL executed
abr. 05, 2025 9:51:17 AM liquibase.changelog
INFORMAÇÕES: ChangeSet db/changelog/migrations/db.changelog-202408211004.sql::202408191938::junior ran successfully in 41ms
Running Changeset: db/changelog/migrations/db.changelog-202408211005.sql::202408191938::junior
abr. 05, 2025 9:51:17 AM liquibase.changelog
INFORMAÇÕES: Custom SQL executed
abr. 05, 2025 9:51:17 AM liquibase.changelog
INFORMAÇÕES: ChangeSet db/changelog/migrations/db.changelog-202408211005.sql::202408191938::junior ran successfully in 51ms
Running Changeset: db/changelog/migrations/db.changelog-202408281807.sql::202408191938::junior
abr. 05, 2025 9:51:17 AM liquibase.changelog
INFORMAÇÕES: Custom SQL executed
abr. 05, 2025 9:51:17 AM liquibase.changelog
INFORMAÇÕES: ChangeSet db/changelog/migrations/db.changelog-202408281807.sql::202408191938::junior ran successfully in 85ms

UPDATE SUMMARY
Run:                          5
Previously run:               0
Filtered out:                 0
-------------------------------
Total change sets:            5

abr. 05, 2025 9:51:17 AM liquibase.util
INFORMAÇÕES: UPDATE SUMMARY
abr. 05, 2025 9:51:17 AM liquibase.util
INFORMAÇÕES: Run:                          5
abr. 05, 2025 9:51:17 AM liquibase.util
INFORMAÇÕES: Previously run:               0
abr. 05, 2025 9:51:17 AM liquibase.util
INFORMAÇÕES: Filtered out:                 0
abr. 05, 2025 9:51:17 AM liquibase.util
INFORMAÇÕES: -------------------------------
abr. 05, 2025 9:51:17 AM liquibase.util
INFORMAÇÕES: Total change sets:            5
abr. 05, 2025 9:51:17 AM liquibase.util
INFORMAÇÕES: Update summary generated
abr. 05, 2025 9:51:17 AM liquibase.command
INFORMAÇÕES: Update command completed successfully.
Liquibase: Update has been successful. Rows affected: 5
abr. 05, 2025 9:51:17 AM liquibase.lockservice
INFORMAÇÕES: Successfully released change log lock
abr. 05, 2025 9:51:17 AM liquibase.command
INFORMAÇÕES: Command execution complete
